{
  "uid" : "dfe4d40902d1f7df",
  "name" : "test_crud_driver",
  "fullName" : "GitDemo.UNDPPython.tests.test_User.TestUsers#test_crud_driver",
  "historyId" : "f5a7f18f82d729206ce44f4f486f3add",
  "time" : {
    "start" : 1592482167082,
    "stop" : 1592482187296,
    "duration" : 20214
  },
  "status" : "failed",
  "statusMessage" : "AssertionError: assert 'Duplicate email' == 'Vehicle owner (driv... added successfully.'\n  - Duplicate email\n  + Vehicle owner (driver) user added successfully.",
  "statusTrace" : "self = <tests.test_User.TestUsers instance at 0x10c4d6fc8>\n\n    def test_crud_driver(self):\n        time.sleep(5)\n        TestUsers.users.click_on_button(TestUsers.users.usersMenu)\n        TestUsers.users.click_on_button(TestUsers.users.driverTab)\n        TestUsers.users.click_on_button(TestUsers.users.addDriverButton)\n        TestUsers.users.enter_text(TestUsers.users.nameText, self.configfileParser(\"UserName\"))\n        TestUsers.users.enter_text(TestUsers.users.emailIDText, self.configfileParser(\"UserEmailId\"))\n        TestUsers.users.click_on_button(TestUsers.users.addButton)\n>       assert (TestUsers.users.get_text(TestUsers.users.alertDialog) == \"Vehicle owner (driver) user added successfully.\")\nE       AssertionError: assert 'Duplicate email' == 'Vehicle owner (driv... added successfully.'\nE         - Duplicate email\nE         + Vehicle owner (driver) user added successfully.\n\ntests/test_User.py:62: AssertionError",
  "flaky" : false,
  "newFailed" : false,
  "beforeStages" : [ {
    "name" : "setup",
    "time" : {
      "start" : 1592482087185,
      "stop" : 1592482116492,
      "duration" : 29307
    },
    "status" : "passed",
    "steps" : [ ],
    "attachments" : [ ],
    "parameters" : [ ],
    "stepsCount" : 0,
    "attachmentsCount" : 0,
    "shouldDisplayMessage" : false,
    "hasContent" : false
  }, {
    "name" : "test_navigateToUsersMenu",
    "time" : {
      "start" : 1592482162068,
      "stop" : 1592482167081,
      "duration" : 5013
    },
    "status" : "passed",
    "steps" : [ ],
    "attachments" : [ ],
    "parameters" : [ ],
    "stepsCount" : 0,
    "attachmentsCount" : 0,
    "shouldDisplayMessage" : false,
    "hasContent" : false
  } ],
  "afterStages" : [ {
    "name" : "setup::0",
    "time" : {
      "start" : 1592482241847,
      "stop" : 1592482241971,
      "duration" : 124
    },
    "status" : "passed",
    "steps" : [ ],
    "attachments" : [ ],
    "parameters" : [ ],
    "stepsCount" : 0,
    "attachmentsCount" : 0,
    "shouldDisplayMessage" : false,
    "hasContent" : false
  } ],
  "labels" : [ {
    "name" : "suite",
    "value" : "test_User"
  }, {
    "name" : "subSuite",
    "value" : "TestUsers"
  }, {
    "name" : "parentSuite",
    "value" : "GitDemo.UNDPPython.tests"
  }, {
    "name" : "host",
    "value" : "tml.local"
  }, {
    "name" : "thread",
    "value" : "1432-MainThread"
  }, {
    "name" : "framework",
    "value" : "pytest"
  }, {
    "name" : "language",
    "value" : "cpython2"
  }, {
    "name" : "package",
    "value" : "GitDemo.UNDPPython.tests.test_User"
  }, {
    "name" : "resultFormat",
    "value" : "allure2"
  } ],
  "parameters" : [ ],
  "links" : [ ],
  "hidden" : false,
  "retry" : false,
  "extra" : {
    "severity" : "normal",
    "retries" : [ ],
    "categories" : [ {
      "name" : "Product defects",
      "matchedStatuses" : [ ],
      "flaky" : false
    } ],
    "tags" : [ ]
  },
  "source" : "dfe4d40902d1f7df.json",
  "parameterValues" : [ ]
}